[2025-10-11 06:55:16] DEBUG customers __init__:245 - Form init: No customer selected, project queryset set to empty
[2025-10-11 07:06:06] DEBUG customers clean:222 - Cleaning form data: {'customer': <Customer: TEST-152 - Test New Customer>, 'name': 'Mayday Account', 'account_id': 'TEST-MAY', 'region': 'East Africa', 'country': <Country: Kenya>, 'billing_cycle': <BillingCycle: Bi-Monthly>, 'currency': <Currency: KES - Kenyan Shilling>, 'contact_email': None, 'contact_phone': None, 'notes': '', 'new_currency_code': '', 'new_currency_name': '', 'new_currency_symbol': '', 'new_country_name': '', 'new_country_code': ''}
[2025-10-11 07:06:57] DEBUG customers clean:222 - Cleaning form data: {'customer': <Customer: TEST-152 - Test New Customer>, 'name': 'Mayday Account', 'account_id': 'TEST-MAY', 'region': 'East Africa', 'country': <Country: Kenya>, 'billing_cycle': <BillingCycle: Bi-Monthly>, 'currency': <Currency: KES - Kenyan Shilling>, 'contact_email': None, 'contact_phone': None, 'notes': '', 'new_currency_code': '', 'new_currency_name': '', 'new_currency_symbol': '', 'new_country_name': '', 'new_country_code': ''}
[2025-10-11 07:06:57] DEBUG customers create_account:239 - Form errors: <ul class="errorlist"><li>__all__<ul class="errorlist nonfield"><li>Account with this Customer and Account id already exists.</li></ul></li><li>account_id<ul class="errorlist" id="id_account_id_error"><li>Account with this Account id already exists.</li></ul></li></ul>
[2025-10-11 07:07:22] INFO customers customer_accounts_list:23 - Starting customer_accounts_list view
[2025-10-11 07:07:22] INFO customers customer_accounts_list:38 - Found 7 active customers
[2025-10-11 07:07:22] INFO customers customer_accounts_list:45 - Found 3 active accounts
[2025-10-11 07:07:22] INFO customers customer_accounts_list:49 - Found 6 billing cycles
[2025-10-11 07:07:22] DEBUG customers customer_accounts_list:65 - Added customer 4: Atos (0 accounts)
[2025-10-11 07:07:22] DEBUG customers customer_accounts_list:65 - Added customer 5: Capgemini (1 accounts)
[2025-10-11 07:07:22] DEBUG customers customer_accounts_list:65 - Added customer 2: Cognizant (0 accounts)
[2025-10-11 07:07:22] DEBUG customers customer_accounts_list:65 - Added customer 1: HCL Technologies (0 accounts)
[2025-10-11 07:07:22] DEBUG customers customer_accounts_list:65 - Added customer 3: TCS (0 accounts)
[2025-10-11 07:07:22] DEBUG customers customer_accounts_list:65 - Added customer 6: Test Company (1 accounts)
[2025-10-11 07:07:22] DEBUG customers customer_accounts_list:65 - Added customer 7: Test New Customer (1 accounts)
[2025-10-11 07:07:22] DEBUG customers customer_accounts_list:126 - Added account 2: Test Account for customer 5
[2025-10-11 07:07:22] DEBUG customers customer_accounts_list:126 - Added account 1: Test Division Account for customer 6
[2025-10-11 07:07:22] DEBUG customers customer_accounts_list:126 - Added account 3: Mayday Account for customer 7
[2025-10-11 07:07:22] INFO customers customer_accounts_list:135 - Created customers JSON: 490 characters
[2025-10-11 07:07:22] INFO customers customer_accounts_list:142 - Created accounts JSON: 848 characters
[2025-10-11 07:07:22] INFO customers customer_accounts_list:156 - View completed successfully - 7 customers, 3 accounts
[2025-10-11 07:17:02] DEBUG customers clean:222 - Cleaning form data: {'customer': <Customer: TEST-152 - Test New Customer>, 'name': 'Jaeus MAserati', 'account_id': 'TEST-JAE', 'region': 'UAE', 'country': None, 'billing_cycle': <BillingCycle: Monthly>, 'currency': None, 'contact_email': None, 'contact_phone': None, 'notes': '', 'new_currency_code': 'QAR', 'new_currency_name': 'UAE Dollar', 'new_currency_symbol': 'QAR', 'new_country_name': 'Qatar', 'new_country_code': 'QAR'}
