[2025-10-12 09:55:55] DEBUG django.db.backends.schema execute:188 - CREATE TABLE `customers_country` (`id` bigint AUTO_INCREMENT NOT NULL PRIMARY KEY, `name` varchar(100) NOT NULL UNIQUE, `code` varchar(3) NOT NULL UNIQUE, `is_active` bool NOT NULL); (params None)
[2025-10-12 09:55:55] DEBUG django.db.backends.schema execute:188 - CREATE TABLE `customers_currency` (`id` bigint AUTO_INCREMENT NOT NULL PRIMARY KEY, `code` varchar(3) NOT NULL UNIQUE, `name` varchar(100) NOT NULL, `symbol` varchar(10) NULL, `is_active` bool NOT NULL); (params None)
[2025-10-12 09:55:55] DEBUG django.db.backends.schema execute:188 - ALTER TABLE `customers_account` DROP FOREIGN KEY `customers_account_region_id_9540d0b7_fk_customers_region_id`; (params ())
[2025-10-12 09:55:55] DEBUG django.db.backends.schema execute:188 - DROP INDEX `customers_account_region_id_9540d0b7_fk_customers_region_id` ON `customers_account`; (params ())
[2025-10-12 09:55:55] DEBUG django.db.backends.schema execute:188 - ALTER TABLE `customers_account` RENAME COLUMN `region_id` TO `region`; (params ())
[2025-10-12 09:55:55] DEBUG django.db.backends.schema execute:188 - ALTER TABLE `customers_account` MODIFY `region` varchar(100) NOT NULL; (params [])
[2025-10-12 09:55:55] DEBUG django.db.backends.schema execute:188 - ALTER TABLE `customers_billingcycle` ADD COLUMN `account_id` bigint NULL , ADD CONSTRAINT `customers_billingcyc_account_id_ca492f58_fk_customers` FOREIGN KEY (`account_id`) REFERENCES `customers_account`(`id`); (params [])
[2025-10-12 09:55:55] DEBUG django.db.backends.schema execute:188 - ALTER TABLE `customers_billingcycle` ADD COLUMN `created_at` datetime(6) DEFAULT %s NOT NULL; (params ['2025-10-12 09:55:55.506305'])
[2025-10-12 09:55:55] DEBUG django.db.backends.schema execute:188 - ALTER TABLE `customers_billingcycle` ALTER COLUMN `created_at` DROP DEFAULT; (params [])
[2025-10-12 09:55:55] DEBUG django.db.backends.schema execute:188 - ALTER TABLE `customers_billingcycle` ADD COLUMN `customer_id` bigint NULL , ADD CONSTRAINT `customers_billingcyc_customer_id_8b03454d_fk_customers` FOREIGN KEY (`customer_id`) REFERENCES `customers_customer`(`id`); (params [])
[2025-10-12 09:55:55] DEBUG django.db.backends.schema execute:188 - ALTER TABLE `customers_account` ADD COLUMN `country_id` bigint NULL , ADD CONSTRAINT `customers_account_country_id_8f00e405_fk_customers_country_id` FOREIGN KEY (`country_id`) REFERENCES `customers_country`(`id`); (params [])
[2025-10-12 09:55:55] DEBUG django.db.backends.schema execute:188 - CREATE TABLE `customers_project` (`id` bigint AUTO_INCREMENT NOT NULL PRIMARY KEY, `name` varchar(200) NOT NULL, `code` varchar(50) NOT NULL, `description` longtext NULL, `created_at` datetime(6) NOT NULL, `is_active` bool NOT NULL, `created_by_id` integer NOT NULL, `customer_id` bigint NOT NULL); (params None)
[2025-10-12 09:55:55] DEBUG django.db.backends.schema execute:188 - ALTER TABLE `customers_account` ADD COLUMN `project_id` bigint NULL , ADD CONSTRAINT `customers_account_project_id_25ddf909_fk_customers_project_id` FOREIGN KEY (`project_id`) REFERENCES `customers_project`(`id`); (params [])
[2025-10-12 09:55:55] DEBUG django.db.backends.schema execute:188 - ALTER TABLE `customers_billingcycle` ADD COLUMN `project_id` bigint NULL , ADD CONSTRAINT `customers_billingcyc_project_id_b31a8641_fk_customers` FOREIGN KEY (`project_id`) REFERENCES `customers_project`(`id`); (params [])
[2025-10-12 09:55:55] DEBUG django.db.backends.schema execute:188 - DROP TABLE `customers_region` CASCADE; (params ())
[2025-10-12 09:55:55] DEBUG django.db.backends.schema execute:188 - ALTER TABLE `customers_project` ADD CONSTRAINT `customers_project_customer_id_code_f51913cb_uniq` UNIQUE (`customer_id`, `code`); (params ())
[2025-10-12 09:55:55] DEBUG django.db.backends.schema execute:188 - ALTER TABLE `customers_project` ADD CONSTRAINT `customers_project_created_by_id_d6d5894d_fk_auth_user_id` FOREIGN KEY (`created_by_id`) REFERENCES `auth_user` (`id`); (params ())
[2025-10-12 09:55:55] DEBUG django.db.backends.schema execute:188 - ALTER TABLE `customers_project` ADD CONSTRAINT `customers_project_customer_id_49dd40d6_fk_customers_customer_id` FOREIGN KEY (`customer_id`) REFERENCES `customers_customer` (`id`); (params ())
[2025-10-12 09:55:55] DEBUG django.db.backends.schema execute:188 - ALTER TABLE `customers_account` ADD COLUMN `currency_new_id` bigint NULL , ADD CONSTRAINT `customers_account_currency_new_id_81aa7cb8_fk_customers` FOREIGN KEY (`currency_new_id`) REFERENCES `customers_currency`(`id`); (params [])
[2025-10-12 09:55:55] DEBUG django.db.backends.schema execute:188 - ALTER TABLE `customers_account` DROP COLUMN `currency`; (params ())
[2025-10-12 09:55:55] DEBUG django.db.backends.schema execute:188 - ALTER TABLE `customers_account` DROP FOREIGN KEY `customers_account_currency_new_id_81aa7cb8_fk_customers`; (params ())
[2025-10-12 09:55:55] DEBUG django.db.backends.schema execute:188 - ALTER TABLE `customers_account` RENAME COLUMN `currency_new_id` TO `currency_id`; (params ())
[2025-10-12 09:55:55] DEBUG django.db.backends.schema execute:188 - ALTER TABLE `customers_account` ADD CONSTRAINT `customers_account_currency_id_6408f440_fk_customers_currency_id` FOREIGN KEY (`currency_id`) REFERENCES `customers_currency` (`id`); (params ())
[2025-10-12 09:55:55] DEBUG django.db.backends.schema execute:188 - ALTER TABLE `customers_account` DROP FOREIGN KEY `customers_account_currency_id_6408f440_fk_customers_currency_id`; (params ())
[2025-10-12 09:55:55] DEBUG django.db.backends.schema execute:188 - ALTER TABLE `customers_account` MODIFY `currency_id` bigint NOT NULL; (params [])
[2025-10-12 09:55:55] DEBUG django.db.backends.schema execute:188 - ALTER TABLE `customers_account` ADD CONSTRAINT `customers_account_currency_id_6408f440_fk_customers_currency_id` FOREIGN KEY (`currency_id`) REFERENCES `customers_currency` (`id`); (params ())
[2025-10-12 09:55:55] DEBUG django.db.backends.schema execute:188 - ALTER TABLE `purchase_orders_purchaseorder` ADD COLUMN `from_company` varchar(255) NULL; (params [])
[2025-10-12 09:55:55] DEBUG django.db.backends.schema execute:188 - ALTER TABLE `purchase_orders_purchaseorder` ADD COLUMN `grand_total` numeric(15, 2) NULL; (params [])
[2025-10-12 09:55:55] DEBUG django.db.backends.schema execute:188 - ALTER TABLE `purchase_orders_purchaseorder` ADD COLUMN `payment_terms` varchar(100) NULL; (params [])
[2025-10-12 09:55:55] DEBUG django.db.backends.schema execute:188 - ALTER TABLE `purchase_orders_purchaseorder` ADD COLUMN `requester` varchar(255) NULL; (params [])
[2025-10-12 09:55:55] DEBUG django.db.backends.schema execute:188 - ALTER TABLE `purchase_orders_purchaseorder` ADD COLUMN `supplier_name` varchar(255) NULL; (params [])
[2025-10-12 09:55:55] DEBUG django.db.backends.schema execute:188 - ALTER TABLE `purchase_orders_purchaseorder` ADD COLUMN `total_invoiced` numeric(15, 2) NULL; (params [])
[2025-10-12 09:55:55] DEBUG django.db.backends.schema execute:188 - ALTER TABLE `purchase_orders_purchaseorder` ADD COLUMN `total_tax` numeric(15, 2) NULL; (params [])
[2025-10-12 09:55:55] DEBUG django.db.backends.schema execute:188 - ALTER TABLE `purchase_orders_purchaseorder` ADD COLUMN `delivery_date` date NULL; (params [])
[2025-10-12 09:55:55] DEBUG django.db.backends.schema execute:188 - ALTER TABLE `purchase_orders_purchaseorder` ADD COLUMN `delivery_terms` varchar(100) NULL; (params [])
[2025-10-12 09:55:55] DEBUG django.db.backends.schema execute:188 - ALTER TABLE `purchase_orders_purchaseorder` ADD COLUMN `department` varchar(100) NULL; (params [])
[2025-10-12 09:55:55] DEBUG django.db.backends.schema execute:188 - ALTER TABLE `purchase_orders_purchaseorder` ADD COLUMN `items_description` longtext NULL; (params [])
[2025-10-12 09:55:55] DEBUG django.db.backends.schema execute:188 - ALTER TABLE `purchase_orders_purchaseorder` ADD COLUMN `project_code` varchar(50) NULL; (params [])
[2025-10-12 09:55:56] DEBUG django.db.backends.schema execute:188 - ALTER TABLE `purchase_orders_purchaseorder` ADD COLUMN `purchase_category` varchar(20) DEFAULT %s NOT NULL; (params ['services'])
[2025-10-12 09:55:56] DEBUG django.db.backends.schema execute:188 - ALTER TABLE `purchase_orders_purchaseorder` ALTER COLUMN `purchase_category` DROP DEFAULT; (params [])
[2025-10-12 09:55:56] DEBUG django.db.backends.schema execute:188 - ALTER TABLE `purchase_orders_purchaseorder` ADD COLUMN `purchase_type` varchar(20) DEFAULT %s NOT NULL; (params ['operational'])
[2025-10-12 09:55:56] DEBUG django.db.backends.schema execute:188 - ALTER TABLE `purchase_orders_purchaseorder` ALTER COLUMN `purchase_type` DROP DEFAULT; (params [])
[2025-10-12 09:55:56] DEBUG django.db.backends.schema execute:188 - ALTER TABLE `purchase_orders_purchaseorder` ADD COLUMN `warranty_period` integer DEFAULT %s NOT NULL; (params [0])
[2025-10-12 09:55:56] DEBUG django.db.backends.schema execute:188 - ALTER TABLE `purchase_orders_purchaseorder` ALTER COLUMN `warranty_period` DROP DEFAULT; (params [])
[2025-10-12 09:55:56] DEBUG django.db.backends.schema execute:188 - ALTER TABLE `purchase_orders_purchaseorder` DROP COLUMN `purchase_category`; (params ())
[2025-10-12 09:55:56] DEBUG django.db.backends.schema execute:188 - ALTER TABLE `purchase_orders_purchaseorder` DROP COLUMN `purchase_type`; (params ())
[2025-10-12 09:55:56] DEBUG django.db.backends.schema execute:188 - ALTER TABLE `purchase_orders_purchaseorder` DROP COLUMN `warranty_period`; (params ())
